[32m[1017 01:25:11 @logger.py:92][0m Argv: main.py --data /home/joeyli/projects/cyclegan/pytorch-CycleGAN-and-pix2pix/datasets/maps
[32m[1017 01:25:11 @common.py:558][0m [JoinData] Size check failed for the list of dataflow to be joined!
[32m[1017 01:25:11 @parallel.py:339][0m [MultiProcessRunnerZMQ] Will fork a dataflow more than one times. This assumes the datapoints are i.i.d.
[32m[1017 01:25:11 @input_source.py:221][0m Setting up the queue 'QueueInput/input_queue' for CPU prefetching ...
[32m[1017 01:25:11 @training.py:110][0m Building graph for training tower 0 ...
[32m[1017 01:25:12 @registry.py:90][0m 'gen/B/conv0': [?, 3, 256, 256] --> [?, 64, 128, 128]
[32m[1017 01:25:12 @registry.py:90][0m 'gen/B/conv1': [?, 64, 128, 128] --> [?, 128, 64, 64]
[32m[1017 01:25:12 @registry.py:90][0m 'gen/B/layer1/res0/conv0': [?, 128, 64, 64] --> [?, 128, 64, 64]
[32m[1017 01:25:12 @registry.py:90][0m 'gen/B/layer1/res0/conv1': [?, 128, 64, 64] --> [?, 128, 64, 64]
[32m[1017 01:25:12 @registry.py:90][0m 'gen/B/layer1/res0/conv2': [?, 256, 64, 64] --> [?, 128, 64, 64]
[32m[1017 01:25:12 @registry.py:90][0m 'gen/B/layer1/res1/conv0': [?, 128, 64, 64] --> [?, 128, 64, 64]
[32m[1017 01:25:12 @registry.py:90][0m 'gen/B/layer1/res1/conv1': [?, 128, 64, 64] --> [?, 128, 64, 64]
[32m[1017 01:25:12 @registry.py:90][0m 'gen/B/layer1/res1/conv2': [?, 256, 64, 64] --> [?, 128, 64, 64]
[32m[1017 01:25:12 @registry.py:90][0m 'gen/B/layer1/res2/conv0': [?, 128, 64, 64] --> [?, 128, 64, 64]
[32m[1017 01:25:12 @registry.py:90][0m 'gen/B/layer1/res2/conv1': [?, 128, 64, 64] --> [?, 128, 64, 64]
[32m[1017 01:25:12 @registry.py:90][0m 'gen/B/layer1/res2/conv2': [?, 256, 64, 64] --> [?, 128, 64, 64]
[32m[1017 01:25:13 @registry.py:90][0m 'gen/B/conv2': [?, 128, 64, 64] --> [?, 256, 32, 32]
[32m[1017 01:25:13 @registry.py:90][0m 'gen/B/layer2/res0/conv0': [?, 256, 32, 32] --> [?, 256, 32, 32]
[32m[1017 01:25:13 @registry.py:90][0m 'gen/B/layer2/res0/conv1': [?, 256, 32, 32] --> [?, 256, 32, 32]
[32m[1017 01:25:13 @registry.py:90][0m 'gen/B/layer2/res0/conv2': [?, 512, 32, 32] --> [?, 256, 32, 32]
[32m[1017 01:25:13 @registry.py:90][0m 'gen/B/layer2/res1/conv0': [?, 256, 32, 32] --> [?, 256, 32, 32]
[32m[1017 01:25:13 @registry.py:90][0m 'gen/B/layer2/res1/conv1': [?, 256, 32, 32] --> [?, 256, 32, 32]
[32m[1017 01:25:13 @registry.py:90][0m 'gen/B/layer2/res1/conv2': [?, 512, 32, 32] --> [?, 256, 32, 32]
[32m[1017 01:25:13 @registry.py:90][0m 'gen/B/layer2/res2/conv0': [?, 256, 32, 32] --> [?, 256, 32, 32]
[32m[1017 01:25:13 @registry.py:90][0m 'gen/B/layer2/res2/conv1': [?, 256, 32, 32] --> [?, 256, 32, 32]
[32m[1017 01:25:13 @registry.py:90][0m 'gen/B/layer2/res2/conv2': [?, 512, 32, 32] --> [?, 256, 32, 32]
[32m[1017 01:25:13 @registry.py:90][0m 'gen/B/conv3': [?, 256, 32, 32] --> [?, 512, 16, 16]
[32m[1017 01:25:13 @registry.py:90][0m 'gen/B/layer3/res0/conv0': [?, 512, 16, 16] --> [?, 512, 16, 16]
[32m[1017 01:25:13 @registry.py:90][0m 'gen/B/layer3/res0/conv1': [?, 512, 16, 16] --> [?, 512, 16, 16]
[32m[1017 01:25:13 @registry.py:90][0m 'gen/B/layer3/res0/conv2': [?, 1024, 16, 16] --> [?, 512, 16, 16]
[32m[1017 01:25:13 @registry.py:90][0m 'gen/B/layer3/res1/conv0': [?, 512, 16, 16] --> [?, 512, 16, 16]
[32m[1017 01:25:13 @registry.py:90][0m 'gen/B/layer3/res1/conv1': [?, 512, 16, 16] --> [?, 512, 16, 16]
[32m[1017 01:25:13 @registry.py:90][0m 'gen/B/layer3/res1/conv2': [?, 1024, 16, 16] --> [?, 512, 16, 16]
[32m[1017 01:25:13 @registry.py:90][0m 'gen/B/layer3/res2/conv0': [?, 512, 16, 16] --> [?, 512, 16, 16]
[32m[1017 01:25:13 @registry.py:90][0m 'gen/B/layer3/res2/conv1': [?, 512, 16, 16] --> [?, 512, 16, 16]
[32m[1017 01:25:13 @registry.py:90][0m 'gen/B/layer3/res2/conv2': [?, 1024, 16, 16] --> [?, 512, 16, 16]
[32m[1017 01:25:13 @registry.py:90][0m 'gen/B/deconv0': [?, 512, 16, 16] --> [?, 256, 32, 32]
[32m[1017 01:25:13 @registry.py:90][0m 'gen/B/blayer2/res0/conv0': [?, 512, 32, 32] --> [?, 256, 32, 32]
[32m[1017 01:25:13 @registry.py:90][0m 'gen/B/blayer2/res0/conv1': [?, 256, 32, 32] --> [?, 256, 32, 32]
[32m[1017 01:25:13 @registry.py:90][0m 'gen/B/blayer2/res0/conv2': [?, 768, 32, 32] --> [?, 256, 32, 32]
[32m[1017 01:25:13 @registry.py:90][0m 'gen/B/blayer2/res1/conv0': [?, 256, 32, 32] --> [?, 256, 32, 32]
[32m[1017 01:25:13 @registry.py:90][0m 'gen/B/blayer2/res1/conv1': [?, 256, 32, 32] --> [?, 256, 32, 32]
[32m[1017 01:25:13 @registry.py:90][0m 'gen/B/blayer2/res1/conv2': [?, 512, 32, 32] --> [?, 256, 32, 32]
[32m[1017 01:25:13 @registry.py:90][0m 'gen/B/blayer2/res2/conv0': [?, 256, 32, 32] --> [?, 256, 32, 32]
[32m[1017 01:25:13 @registry.py:90][0m 'gen/B/blayer2/res2/conv1': [?, 256, 32, 32] --> [?, 256, 32, 32]
[32m[1017 01:25:13 @registry.py:90][0m 'gen/B/blayer2/res2/conv2': [?, 512, 32, 32] --> [?, 256, 32, 32]
[32m[1017 01:25:13 @registry.py:90][0m 'gen/B/deconv1': [?, 256, 32, 32] --> [?, 128, 64, 64]
[32m[1017 01:25:13 @registry.py:90][0m 'gen/B/blayer1/res0/conv0': [?, 256, 64, 64] --> [?, 128, 64, 64]
[32m[1017 01:25:13 @registry.py:90][0m 'gen/B/blayer1/res0/conv1': [?, 128, 64, 64] --> [?, 128, 64, 64]
[32m[1017 01:25:13 @registry.py:90][0m 'gen/B/blayer1/res0/conv2': [?, 384, 64, 64] --> [?, 128, 64, 64]
[32m[1017 01:25:13 @registry.py:90][0m 'gen/B/blayer1/res1/conv0': [?, 128, 64, 64] --> [?, 128, 64, 64]
[32m[1017 01:25:13 @registry.py:90][0m 'gen/B/blayer1/res1/conv1': [?, 128, 64, 64] --> [?, 128, 64, 64]
[32m[1017 01:25:13 @registry.py:90][0m 'gen/B/blayer1/res1/conv2': [?, 256, 64, 64] --> [?, 128, 64, 64]
[32m[1017 01:25:13 @registry.py:90][0m 'gen/B/blayer1/res2/conv0': [?, 128, 64, 64] --> [?, 128, 64, 64]
[32m[1017 01:25:13 @registry.py:90][0m 'gen/B/blayer1/res2/conv1': [?, 128, 64, 64] --> [?, 128, 64, 64]
[32m[1017 01:25:13 @registry.py:90][0m 'gen/B/blayer1/res2/conv2': [?, 256, 64, 64] --> [?, 128, 64, 64]
[32m[1017 01:25:13 @registry.py:90][0m 'gen/B/deconv2': [?, 128, 64, 64] --> [?, 64, 128, 128]
[32m[1017 01:25:13 @registry.py:90][0m 'gen/B/deconv3': [?, 64, 128, 128] --> [?, 3, 256, 256]
[32m[1017 01:25:13 @registry.py:90][0m 'gen/A/conv0': [?, 3, 256, 256] --> [?, 64, 128, 128]
[32m[1017 01:25:13 @registry.py:90][0m 'gen/A/conv1': [?, 64, 128, 128] --> [?, 128, 64, 64]
[32m[1017 01:25:13 @registry.py:90][0m 'gen/A/layer1/res0/conv0': [?, 128, 64, 64] --> [?, 128, 64, 64]
[32m[1017 01:25:13 @registry.py:90][0m 'gen/A/layer1/res0/conv1': [?, 128, 64, 64] --> [?, 128, 64, 64]
[32m[1017 01:25:13 @registry.py:90][0m 'gen/A/layer1/res0/conv2': [?, 256, 64, 64] --> [?, 128, 64, 64]
[32m[1017 01:25:14 @registry.py:90][0m 'gen/A/layer1/res1/conv0': [?, 128, 64, 64] --> [?, 128, 64, 64]
[32m[1017 01:25:14 @registry.py:90][0m 'gen/A/layer1/res1/conv1': [?, 128, 64, 64] --> [?, 128, 64, 64]
[32m[1017 01:25:14 @registry.py:90][0m 'gen/A/layer1/res1/conv2': [?, 256, 64, 64] --> [?, 128, 64, 64]
[32m[1017 01:25:14 @registry.py:90][0m 'gen/A/layer1/res2/conv0': [?, 128, 64, 64] --> [?, 128, 64, 64]
[32m[1017 01:25:14 @registry.py:90][0m 'gen/A/layer1/res2/conv1': [?, 128, 64, 64] --> [?, 128, 64, 64]
[32m[1017 01:25:14 @registry.py:90][0m 'gen/A/layer1/res2/conv2': [?, 256, 64, 64] --> [?, 128, 64, 64]
[32m[1017 01:25:14 @registry.py:90][0m 'gen/A/conv2': [?, 128, 64, 64] --> [?, 256, 32, 32]
[32m[1017 01:25:14 @registry.py:90][0m 'gen/A/layer2/res0/conv0': [?, 256, 32, 32] --> [?, 256, 32, 32]
[32m[1017 01:25:14 @registry.py:90][0m 'gen/A/layer2/res0/conv1': [?, 256, 32, 32] --> [?, 256, 32, 32]
[32m[1017 01:25:14 @registry.py:90][0m 'gen/A/layer2/res0/conv2': [?, 512, 32, 32] --> [?, 256, 32, 32]
[32m[1017 01:25:14 @registry.py:90][0m 'gen/A/layer2/res1/conv0': [?, 256, 32, 32] --> [?, 256, 32, 32]
[32m[1017 01:25:14 @registry.py:90][0m 'gen/A/layer2/res1/conv1': [?, 256, 32, 32] --> [?, 256, 32, 32]
[32m[1017 01:25:14 @registry.py:90][0m 'gen/A/layer2/res1/conv2': [?, 512, 32, 32] --> [?, 256, 32, 32]
[32m[1017 01:25:14 @registry.py:90][0m 'gen/A/layer2/res2/conv0': [?, 256, 32, 32] --> [?, 256, 32, 32]
[32m[1017 01:25:14 @registry.py:90][0m 'gen/A/layer2/res2/conv1': [?, 256, 32, 32] --> [?, 256, 32, 32]
[32m[1017 01:25:14 @registry.py:90][0m 'gen/A/layer2/res2/conv2': [?, 512, 32, 32] --> [?, 256, 32, 32]
[32m[1017 01:25:14 @registry.py:90][0m 'gen/A/conv3': [?, 256, 32, 32] --> [?, 512, 16, 16]
[32m[1017 01:25:14 @registry.py:90][0m 'gen/A/layer3/res0/conv0': [?, 512, 16, 16] --> [?, 512, 16, 16]
[32m[1017 01:25:14 @registry.py:90][0m 'gen/A/layer3/res0/conv1': [?, 512, 16, 16] --> [?, 512, 16, 16]
[32m[1017 01:25:14 @registry.py:90][0m 'gen/A/layer3/res0/conv2': [?, 1024, 16, 16] --> [?, 512, 16, 16]
[32m[1017 01:25:14 @registry.py:90][0m 'gen/A/layer3/res1/conv0': [?, 512, 16, 16] --> [?, 512, 16, 16]
[32m[1017 01:25:14 @registry.py:90][0m 'gen/A/layer3/res1/conv1': [?, 512, 16, 16] --> [?, 512, 16, 16]
[32m[1017 01:25:14 @registry.py:90][0m 'gen/A/layer3/res1/conv2': [?, 1024, 16, 16] --> [?, 512, 16, 16]
[32m[1017 01:25:14 @registry.py:90][0m 'gen/A/layer3/res2/conv0': [?, 512, 16, 16] --> [?, 512, 16, 16]
[32m[1017 01:25:14 @registry.py:90][0m 'gen/A/layer3/res2/conv1': [?, 512, 16, 16] --> [?, 512, 16, 16]
[32m[1017 01:25:14 @registry.py:90][0m 'gen/A/layer3/res2/conv2': [?, 1024, 16, 16] --> [?, 512, 16, 16]
[32m[1017 01:25:14 @registry.py:90][0m 'gen/A/deconv0': [?, 512, 16, 16] --> [?, 256, 32, 32]
[32m[1017 01:25:14 @registry.py:90][0m 'gen/A/blayer2/res0/conv0': [?, 512, 32, 32] --> [?, 256, 32, 32]
[32m[1017 01:25:14 @registry.py:90][0m 'gen/A/blayer2/res0/conv1': [?, 256, 32, 32] --> [?, 256, 32, 32]
[32m[1017 01:25:14 @registry.py:90][0m 'gen/A/blayer2/res0/conv2': [?, 768, 32, 32] --> [?, 256, 32, 32]
[32m[1017 01:25:14 @registry.py:90][0m 'gen/A/blayer2/res1/conv0': [?, 256, 32, 32] --> [?, 256, 32, 32]
[32m[1017 01:25:14 @registry.py:90][0m 'gen/A/blayer2/res1/conv1': [?, 256, 32, 32] --> [?, 256, 32, 32]
[32m[1017 01:25:14 @registry.py:90][0m 'gen/A/blayer2/res1/conv2': [?, 512, 32, 32] --> [?, 256, 32, 32]
[32m[1017 01:25:14 @registry.py:90][0m 'gen/A/blayer2/res2/conv0': [?, 256, 32, 32] --> [?, 256, 32, 32]
[32m[1017 01:25:14 @registry.py:90][0m 'gen/A/blayer2/res2/conv1': [?, 256, 32, 32] --> [?, 256, 32, 32]
[32m[1017 01:25:14 @registry.py:90][0m 'gen/A/blayer2/res2/conv2': [?, 512, 32, 32] --> [?, 256, 32, 32]
[32m[1017 01:25:14 @registry.py:90][0m 'gen/A/deconv1': [?, 256, 32, 32] --> [?, 128, 64, 64]
[32m[1017 01:25:14 @registry.py:90][0m 'gen/A/blayer1/res0/conv0': [?, 256, 64, 64] --> [?, 128, 64, 64]
[32m[1017 01:25:14 @registry.py:90][0m 'gen/A/blayer1/res0/conv1': [?, 128, 64, 64] --> [?, 128, 64, 64]
[32m[1017 01:25:14 @registry.py:90][0m 'gen/A/blayer1/res0/conv2': [?, 384, 64, 64] --> [?, 128, 64, 64]
[32m[1017 01:25:14 @registry.py:90][0m 'gen/A/blayer1/res1/conv0': [?, 128, 64, 64] --> [?, 128, 64, 64]
[32m[1017 01:25:14 @registry.py:90][0m 'gen/A/blayer1/res1/conv1': [?, 128, 64, 64] --> [?, 128, 64, 64]
[32m[1017 01:25:14 @registry.py:90][0m 'gen/A/blayer1/res1/conv2': [?, 256, 64, 64] --> [?, 128, 64, 64]
[32m[1017 01:25:14 @registry.py:90][0m 'gen/A/blayer1/res2/conv0': [?, 128, 64, 64] --> [?, 128, 64, 64]
[32m[1017 01:25:14 @registry.py:90][0m 'gen/A/blayer1/res2/conv1': [?, 128, 64, 64] --> [?, 128, 64, 64]
[32m[1017 01:25:14 @registry.py:90][0m 'gen/A/blayer1/res2/conv2': [?, 256, 64, 64] --> [?, 128, 64, 64]
[32m[1017 01:25:15 @registry.py:90][0m 'gen/A/deconv2': [?, 128, 64, 64] --> [?, 64, 128, 128]
[32m[1017 01:25:15 @registry.py:90][0m 'gen/A/deconv3': [?, 64, 128, 128] --> [?, 3, 256, 256]
[32m[1017 01:25:16 @registry.py:90][0m 'discrim/A/conv0': [?, 3, 256, 256] --> [?, 128, 128, 128]
[32m[1017 01:25:16 @registry.py:90][0m 'discrim/A/conv1': [?, 128, 128, 128] --> [?, 256, 64, 64]
[32m[1017 01:25:16 @registry.py:90][0m 'discrim/A/conv2': [?, 256, 64, 64] --> [?, 512, 32, 32]
[32m[1017 01:25:16 @registry.py:90][0m 'discrim/A/convf': [?, 512, 32, 32] --> [?, 512, 32, 32]
[32m[1017 01:25:16 @registry.py:90][0m 'discrim/A/mConv': [?, 1024, 32, 32] --> [?, 512, 32, 32]
[32m[1017 01:25:16 @registry.py:90][0m 'discrim/A/lsconv': [?, 512, 32, 32] --> [?, 1, 32, 32]
[32m[1017 01:25:16 @registry.py:90][0m 'discrim/B/conv0': [?, 3, 256, 256] --> [?, 128, 128, 128]
[32m[1017 01:25:16 @registry.py:90][0m 'discrim/B/conv1': [?, 128, 128, 128] --> [?, 256, 64, 64]
[32m[1017 01:25:16 @registry.py:90][0m 'discrim/B/conv2': [?, 256, 64, 64] --> [?, 512, 32, 32]
[32m[1017 01:25:16 @registry.py:90][0m 'discrim/B/convf': [?, 512, 32, 32] --> [?, 512, 32, 32]
[32m[1017 01:25:16 @registry.py:90][0m 'discrim/B/mConv': [?, 1024, 32, 32] --> [?, 512, 32, 32]
[32m[1017 01:25:16 @registry.py:90][0m 'discrim/B/lsconv': [?, 512, 32, 32] --> [?, 1, 32, 32]
[32m[1017 01:25:18 @training.py:110][0m Building graph for training tower 1 ...
[32m[1017 01:25:22 @collection.py:152][0m Size of these collections were changed in tower1: (tf.GraphKeys.UPDATE_OPS: 4->8)
[32m[1017 01:25:22 @collection.py:165][0m These collections were modified but restored in tower1: (tf.GraphKeys.SUMMARIES: 28->34)
[32m[1017 01:25:22 @training.py:110][0m Building graph for training tower 2 ...
[32m[1017 01:25:26 @collection.py:152][0m Size of these collections were changed in tower2: (tf.GraphKeys.UPDATE_OPS: 8->12)
[32m[1017 01:25:26 @collection.py:165][0m These collections were modified but restored in tower2: (tf.GraphKeys.SUMMARIES: 28->34)
[32m[1017 01:25:26 @training.py:110][0m Building graph for training tower 3 ...
[32m[1017 01:25:30 @collection.py:152][0m Size of these collections were changed in tower3: (tf.GraphKeys.UPDATE_OPS: 12->16)
[32m[1017 01:25:30 @collection.py:165][0m These collections were modified but restored in tower3: (tf.GraphKeys.SUMMARIES: 28->34)
[32m[1017 01:27:20 @model_utils.py:67][0m [36mList of Trainable Variables: 
[0mname                                  shape                #elements  device
------------------------------------  -----------------  -----------  -------------
gen/B/conv0/W                         [4, 4, 3, 64]             3072  /device:GPU:0
gen/B/conv1/W                         [4, 4, 64, 128]         131072  /device:GPU:1
gen/B/conv1/inorm/beta                [128]                      128  /device:GPU:2
gen/B/conv1/inorm/gamma               [128]                      128  /device:GPU:3
gen/B/layer1/res0/conv0/W             [3, 3, 128, 128]        147456  /device:GPU:2
gen/B/layer1/res0/conv0/inorm/beta    [128]                      128  /device:GPU:3
gen/B/layer1/res0/conv0/inorm/gamma   [128]                      128  /device:GPU:3
gen/B/layer1/res0/conv1/W             [3, 3, 128, 128]        147456  /device:GPU:3
gen/B/layer1/res0/conv1/inorm/beta    [128]                      128  /device:GPU:0
gen/B/layer1/res0/conv1/inorm/gamma   [128]                      128  /device:GPU:0
gen/B/layer1/res0/conv2/W             [3, 3, 256, 128]        294912  /device:GPU:0
gen/B/layer1/res0/conv2/inorm/beta    [128]                      128  /device:GPU:1
gen/B/layer1/res0/conv2/inorm/gamma   [128]                      128  /device:GPU:1
gen/B/layer1/res1/conv0/W             [3, 3, 128, 128]        147456  /device:GPU:1
gen/B/layer1/res1/conv0/inorm/beta    [128]                      128  /device:GPU:2
gen/B/layer1/res1/conv0/inorm/gamma   [128]                      128  /device:GPU:2
gen/B/layer1/res1/conv1/W             [3, 3, 128, 128]        147456  /device:GPU:2
gen/B/layer1/res1/conv1/inorm/beta    [128]                      128  /device:GPU:3
gen/B/layer1/res1/conv1/inorm/gamma   [128]                      128  /device:GPU:3
gen/B/layer1/res1/conv2/W             [3, 3, 256, 128]        294912  /device:GPU:3
gen/B/layer1/res1/conv2/inorm/beta    [128]                      128  /device:GPU:1
gen/B/layer1/res1/conv2/inorm/gamma   [128]                      128  /device:GPU:1
gen/B/layer1/res2/conv0/W             [3, 3, 128, 128]        147456  /device:GPU:1
gen/B/layer1/res2/conv0/inorm/beta    [128]                      128  /device:GPU:2
gen/B/layer1/res2/conv0/inorm/gamma   [128]                      128  /device:GPU:2
gen/B/layer1/res2/conv1/W             [3, 3, 128, 128]        147456  /device:GPU:2
gen/B/layer1/res2/conv1/inorm/beta    [128]                      128  /device:GPU:0
gen/B/layer1/res2/conv1/inorm/gamma   [128]                      128  /device:GPU:0
gen/B/layer1/res2/conv2/W             [3, 3, 256, 128]        294912  /device:GPU:0
gen/B/layer1/res2/conv2/inorm/beta    [128]                      128  /device:GPU:1
gen/B/layer1/res2/conv2/inorm/gamma   [128]                      128  /device:GPU:1
gen/B/conv2/W                         [4, 4, 128, 256]        524288  /device:GPU:1
gen/B/conv2/inorm/beta                [256]                      256  /device:GPU:2
gen/B/conv2/inorm/gamma               [256]                      256  /device:GPU:3
gen/B/layer2/res0/conv0/W             [3, 3, 256, 256]        589824  /device:GPU:2
gen/B/layer2/res0/conv0/inorm/beta    [256]                      256  /device:GPU:3
gen/B/layer2/res0/conv0/inorm/gamma   [256]                      256  /device:GPU:3
gen/B/layer2/res0/conv1/W             [3, 3, 256, 256]        589824  /device:GPU:3
gen/B/layer2/res0/conv1/inorm/beta    [256]                      256  /device:GPU:0
gen/B/layer2/res0/conv1/inorm/gamma   [256]                      256  /device:GPU:0
gen/B/layer2/res0/conv2/W             [3, 3, 512, 256]       1179648  /device:GPU:0
gen/B/layer2/res0/conv2/inorm/beta    [256]                      256  /device:GPU:1
gen/B/layer2/res0/conv2/inorm/gamma   [256]                      256  /device:GPU:1
gen/B/layer2/res1/conv0/W             [3, 3, 256, 256]        589824  /device:GPU:1
gen/B/layer2/res1/conv0/inorm/beta    [256]                      256  /device:GPU:2
gen/B/layer2/res1/conv0/inorm/gamma   [256]                      256  /device:GPU:2
gen/B/layer2/res1/conv1/W             [3, 3, 256, 256]        589824  /device:GPU:2
gen/B/layer2/res1/conv1/inorm/beta    [256]                      256  /device:GPU:3
gen/B/layer2/res1/conv1/inorm/gamma   [256]                      256  /device:GPU:3
gen/B/layer2/res1/conv2/W             [3, 3, 512, 256]       1179648  /device:GPU:3
gen/B/layer2/res1/conv2/inorm/beta    [256]                      256  /device:GPU:1
gen/B/layer2/res1/conv2/inorm/gamma   [256]                      256  /device:GPU:1
gen/B/layer2/res2/conv0/W             [3, 3, 256, 256]        589824  /device:GPU:1
gen/B/layer2/res2/conv0/inorm/beta    [256]                      256  /device:GPU:2
gen/B/layer2/res2/conv0/inorm/gamma   [256]                      256  /device:GPU:2
gen/B/layer2/res2/conv1/W             [3, 3, 256, 256]        589824  /device:GPU:2
gen/B/layer2/res2/conv1/inorm/beta    [256]                      256  /device:GPU:0
gen/B/layer2/res2/conv1/inorm/gamma   [256]                      256  /device:GPU:0
gen/B/layer2/res2/conv2/W             [3, 3, 512, 256]       1179648  /device:GPU:0
gen/B/layer2/res2/conv2/inorm/beta    [256]                      256  /device:GPU:1
gen/B/layer2/res2/conv2/inorm/gamma   [256]                      256  /device:GPU:1
gen/B/conv3/W                         [4, 4, 256, 512]       2097152  /device:GPU:1
gen/B/conv3/inorm/beta                [512]                      512  /device:GPU:2
gen/B/conv3/inorm/gamma               [512]                      512  /device:GPU:3
gen/B/layer3/res0/conv0/W             [3, 3, 512, 512]       2359296  /device:GPU:2
gen/B/layer3/res0/conv0/inorm/beta    [512]                      512  /device:GPU:3
gen/B/layer3/res0/conv0/inorm/gamma   [512]                      512  /device:GPU:3
gen/B/layer3/res0/conv1/W             [3, 3, 512, 512]       2359296  /device:GPU:3
gen/B/layer3/res0/conv1/inorm/beta    [512]                      512  /device:GPU:0
gen/B/layer3/res0/conv1/inorm/gamma   [512]                      512  /device:GPU:0
gen/B/layer3/res0/conv2/W             [3, 3, 1024, 512]      4718592  /device:GPU:0
gen/B/layer3/res0/conv2/inorm/beta    [512]                      512  /device:GPU:1
gen/B/layer3/res0/conv2/inorm/gamma   [512]                      512  /device:GPU:1
gen/B/layer3/res1/conv0/W             [3, 3, 512, 512]       2359296  /device:GPU:1
gen/B/layer3/res1/conv0/inorm/beta    [512]                      512  /device:GPU:2
gen/B/layer3/res1/conv0/inorm/gamma   [512]                      512  /device:GPU:2
gen/B/layer3/res1/conv1/W             [3, 3, 512, 512]       2359296  /device:GPU:2
gen/B/layer3/res1/conv1/inorm/beta    [512]                      512  /device:GPU:3
gen/B/layer3/res1/conv1/inorm/gamma   [512]                      512  /device:GPU:3
gen/B/layer3/res1/conv2/W             [3, 3, 1024, 512]      4718592  /device:GPU:3
gen/B/layer3/res1/conv2/inorm/beta    [512]                      512  /device:GPU:1
gen/B/layer3/res1/conv2/inorm/gamma   [512]                      512  /device:GPU:1
gen/B/layer3/res2/conv0/W             [3, 3, 512, 512]       2359296  /device:GPU:1
gen/B/layer3/res2/conv0/inorm/beta    [512]                      512  /device:GPU:2
gen/B/layer3/res2/conv0/inorm/gamma   [512]                      512  /device:GPU:2
gen/B/layer3/res2/conv1/W             [3, 3, 512, 512]       2359296  /device:GPU:2
gen/B/layer3/res2/conv1/inorm/beta    [512]                      512  /device:GPU:0
gen/B/layer3/res2/conv1/inorm/gamma   [512]                      512  /device:GPU:0
gen/B/layer3/res2/conv2/W             [3, 3, 1024, 512]      4718592  /device:GPU:0
gen/B/layer3/res2/conv2/inorm/beta    [512]                      512  /device:GPU:1
gen/B/layer3/res2/conv2/inorm/gamma   [512]                      512  /device:GPU:1
gen/B/deconv0/W                       [4, 4, 256, 512]       2097152  /device:GPU:1
gen/B/deconv0/inorm/beta              [256]                      256  /device:GPU:2
gen/B/deconv0/inorm/gamma             [256]                      256  /device:GPU:3
gen/B/blayer2/res0/conv0/W            [3, 3, 512, 256]       1179648  /device:GPU:2
gen/B/blayer2/res0/conv0/inorm/beta   [256]                      256  /device:GPU:3
gen/B/blayer2/res0/conv0/inorm/gamma  [256]                      256  /device:GPU:3
gen/B/blayer2/res0/conv1/W            [3, 3, 256, 256]        589824  /device:GPU:3
gen/B/blayer2/res0/conv1/inorm/beta   [256]                      256  /device:GPU:3
gen/B/blayer2/res0/conv1/inorm/gamma  [256]                      256  /device:GPU:3
gen/B/blayer2/res0/conv2/W            [3, 3, 768, 256]       1769472  /device:GPU:3
gen/B/blayer2/res0/conv2/inorm/beta   [256]                      256  /device:GPU:2
gen/B/blayer2/res0/conv2/inorm/gamma  [256]                      256  /device:GPU:2
gen/B/blayer2/res1/conv0/W            [3, 3, 256, 256]        589824  /device:GPU:2
gen/B/blayer2/res1/conv0/inorm/beta   [256]                      256  /device:GPU:1
gen/B/blayer2/res1/conv0/inorm/gamma  [256]                      256  /device:GPU:1
gen/B/blayer2/res1/conv1/W            [3, 3, 256, 256]        589824  /device:GPU:1
gen/B/blayer2/res1/conv1/inorm/beta   [256]                      256  /device:GPU:2
gen/B/blayer2/res1/conv1/inorm/gamma  [256]                      256  /device:GPU:2
gen/B/blayer2/res1/conv2/W            [3, 3, 512, 256]       1179648  /device:GPU:2
gen/B/blayer2/res1/conv2/inorm/beta   [256]                      256  /device:GPU:1
gen/B/blayer2/res1/conv2/inorm/gamma  [256]                      256  /device:GPU:1
gen/B/blayer2/res2/conv0/W            [3, 3, 256, 256]        589824  /device:GPU:1
gen/B/blayer2/res2/conv0/inorm/beta   [256]                      256  /device:GPU:3
gen/B/blayer2/res2/conv0/inorm/gamma  [256]                      256  /device:GPU:3
gen/B/blayer2/res2/conv1/W            [3, 3, 256, 256]        589824  /device:GPU:3
gen/B/blayer2/res2/conv1/inorm/beta   [256]                      256  /device:GPU:1
gen/B/blayer2/res2/conv1/inorm/gamma  [256]                      256  /device:GPU:1
gen/B/blayer2/res2/conv2/W            [3, 3, 512, 256]       1179648  /device:GPU:1
gen/B/blayer2/res2/conv2/inorm/beta   [256]                      256  /device:GPU:2
gen/B/blayer2/res2/conv2/inorm/gamma  [256]                      256  /device:GPU:2
gen/B/deconv1/W                       [4, 4, 128, 256]        524288  /device:GPU:2
gen/B/deconv1/inorm/beta              [128]                      128  /device:GPU:3
gen/B/deconv1/inorm/gamma             [128]                      128  /device:GPU:3
gen/B/blayer1/res0/conv0/W            [3, 3, 256, 128]        294912  /device:GPU:3
gen/B/blayer1/res0/conv0/inorm/beta   [128]                      128  /device:GPU:0
gen/B/blayer1/res0/conv0/inorm/gamma  [128]                      128  /device:GPU:0
gen/B/blayer1/res0/conv1/W            [3, 3, 128, 128]        147456  /device:GPU:0
gen/B/blayer1/res0/conv1/inorm/beta   [128]                      128  /device:GPU:3
gen/B/blayer1/res0/conv1/inorm/gamma  [128]                      128  /device:GPU:3
gen/B/blayer1/res0/conv2/W            [3, 3, 384, 128]        442368  /device:GPU:3
gen/B/blayer1/res0/conv2/inorm/beta   [128]                      128  /device:GPU:0
gen/B/blayer1/res0/conv2/inorm/gamma  [128]                      128  /device:GPU:0
gen/B/blayer1/res1/conv0/W            [3, 3, 128, 128]        147456  /device:GPU:0
gen/B/blayer1/res1/conv0/inorm/beta   [128]                      128  /device:GPU:0
gen/B/blayer1/res1/conv0/inorm/gamma  [128]                      128  /device:GPU:0
gen/B/blayer1/res1/conv1/W            [3, 3, 128, 128]        147456  /device:GPU:0
gen/B/blayer1/res1/conv1/inorm/beta   [128]                      128  /device:GPU:2
gen/B/blayer1/res1/conv1/inorm/gamma  [128]                      128  /device:GPU:2
gen/B/blayer1/res1/conv2/W            [3, 3, 256, 128]        294912  /device:GPU:2
gen/B/blayer1/res1/conv2/inorm/beta   [128]                      128  /device:GPU:0
gen/B/blayer1/res1/conv2/inorm/gamma  [128]                      128  /device:GPU:0
gen/B/blayer1/res2/conv0/W            [3, 3, 128, 128]        147456  /device:GPU:0
gen/B/blayer1/res2/conv0/inorm/beta   [128]                      128  /device:GPU:3
gen/B/blayer1/res2/conv0/inorm/gamma  [128]                      128  /device:GPU:3
gen/B/blayer1/res2/conv1/W            [3, 3, 128, 128]        147456  /device:GPU:3
gen/B/blayer1/res2/conv1/inorm/beta   [128]                      128  /device:GPU:0
gen/B/blayer1/res2/conv1/inorm/gamma  [128]                      128  /device:GPU:0
gen/B/blayer1/res2/conv2/W            [3, 3, 256, 128]        294912  /device:GPU:0
gen/B/blayer1/res2/conv2/inorm/beta   [128]                      128  /device:GPU:2
gen/B/blayer1/res2/conv2/inorm/gamma  [128]                      128  /device:GPU:2
gen/B/deconv2/W                       [4, 4, 64, 128]         131072  /device:GPU:2
gen/B/deconv2/inorm/beta              [64]                        64  /device:GPU:3
gen/B/deconv2/inorm/gamma             [64]                        64  /device:GPU:3
gen/B/deconv3/W                       [4, 4, 3, 64]             3072  /device:GPU:3
gen/A/conv0/W                         [4, 4, 3, 64]             3072  /device:GPU:3
gen/A/conv1/W                         [4, 4, 64, 128]         131072  /device:GPU:3
gen/A/conv1/inorm/beta                [128]                      128  /device:GPU:2
gen/A/conv1/inorm/gamma               [128]                      128  /device:GPU:2
gen/A/layer1/res0/conv0/W             [3, 3, 128, 128]        147456  /device:GPU:2
gen/A/layer1/res0/conv0/inorm/beta    [128]                      128  /device:GPU:3
gen/A/layer1/res0/conv0/inorm/gamma   [128]                      128  /device:GPU:3
gen/A/layer1/res0/conv1/W             [3, 3, 128, 128]        147456  /device:GPU:3
gen/A/layer1/res0/conv1/inorm/beta    [128]                      128  /device:GPU:0
gen/A/layer1/res0/conv1/inorm/gamma   [128]                      128  /device:GPU:0
gen/A/layer1/res0/conv2/W             [3, 3, 256, 128]        294912  /device:GPU:0
gen/A/layer1/res0/conv2/inorm/beta    [128]                      128  /device:GPU:2
gen/A/layer1/res0/conv2/inorm/gamma   [128]                      128  /device:GPU:2
gen/A/layer1/res1/conv0/W             [3, 3, 128, 128]        147456  /device:GPU:2
gen/A/layer1/res1/conv0/inorm/beta    [128]                      128  /device:GPU:1
gen/A/layer1/res1/conv0/inorm/gamma   [128]                      128  /device:GPU:1
gen/A/layer1/res1/conv1/W             [3, 3, 128, 128]        147456  /device:GPU:1
gen/A/layer1/res1/conv1/inorm/beta    [128]                      128  /device:GPU:3
gen/A/layer1/res1/conv1/inorm/gamma   [128]                      128  /device:GPU:3
gen/A/layer1/res1/conv2/W             [3, 3, 256, 128]        294912  /device:GPU:3
gen/A/layer1/res1/conv2/inorm/beta    [128]                      128  /device:GPU:2
gen/A/layer1/res1/conv2/inorm/gamma   [128]                      128  /device:GPU:2
gen/A/layer1/res2/conv0/W             [3, 3, 128, 128]        147456  /device:GPU:2
gen/A/layer1/res2/conv0/inorm/beta    [128]                      128  /device:GPU:1
gen/A/layer1/res2/conv0/inorm/gamma   [128]                      128  /device:GPU:1
gen/A/layer1/res2/conv1/W             [3, 3, 128, 128]        147456  /device:GPU:1
gen/A/layer1/res2/conv1/inorm/beta    [128]                      128  /device:GPU:0
gen/A/layer1/res2/conv1/inorm/gamma   [128]                      128  /device:GPU:0
gen/A/layer1/res2/conv2/W             [3, 3, 256, 128]        294912  /device:GPU:0
gen/A/layer1/res2/conv2/inorm/beta    [128]                      128  /device:GPU:2
gen/A/layer1/res2/conv2/inorm/gamma   [128]                      128  /device:GPU:2
gen/A/conv2/W                         [4, 4, 128, 256]        524288  /device:GPU:2
gen/A/conv2/inorm/beta                [256]                      256  /device:GPU:1
gen/A/conv2/inorm/gamma               [256]                      256  /device:GPU:1
gen/A/layer2/res0/conv0/W             [3, 3, 256, 256]        589824  /device:GPU:1
gen/A/layer2/res0/conv0/inorm/beta    [256]                      256  /device:GPU:3
gen/A/layer2/res0/conv0/inorm/gamma   [256]                      256  /device:GPU:3
gen/A/layer2/res0/conv1/W             [3, 3, 256, 256]        589824  /device:GPU:3
gen/A/layer2/res0/conv1/inorm/beta    [256]                      256  /device:GPU:0
gen/A/layer2/res0/conv1/inorm/gamma   [256]                      256  /device:GPU:0
gen/A/layer2/res0/conv2/W             [3, 3, 512, 256]       1179648  /device:GPU:0
gen/A/layer2/res0/conv2/inorm/beta    [256]                      256  /device:GPU:2
gen/A/layer2/res0/conv2/inorm/gamma   [256]                      256  /device:GPU:2
gen/A/layer2/res1/conv0/W             [3, 3, 256, 256]        589824  /device:GPU:2
gen/A/layer2/res1/conv0/inorm/beta    [256]                      256  /device:GPU:1
gen/A/layer2/res1/conv0/inorm/gamma   [256]                      256  /device:GPU:1
gen/A/layer2/res1/conv1/W             [3, 3, 256, 256]        589824  /device:GPU:1
gen/A/layer2/res1/conv1/inorm/beta    [256]                      256  /device:GPU:3
gen/A/layer2/res1/conv1/inorm/gamma   [256]                      256  /device:GPU:3
gen/A/layer2/res1/conv2/W             [3, 3, 512, 256]       1179648  /device:GPU:3
gen/A/layer2/res1/conv2/inorm/beta    [256]                      256  /device:GPU:2
gen/A/layer2/res1/conv2/inorm/gamma   [256]                      256  /device:GPU:2
gen/A/layer2/res2/conv0/W             [3, 3, 256, 256]        589824  /device:GPU:2
gen/A/layer2/res2/conv0/inorm/beta    [256]                      256  /device:GPU:1
gen/A/layer2/res2/conv0/inorm/gamma   [256]                      256  /device:GPU:1
gen/A/layer2/res2/conv1/W             [3, 3, 256, 256]        589824  /device:GPU:1
gen/A/layer2/res2/conv1/inorm/beta    [256]                      256  /device:GPU:0
gen/A/layer2/res2/conv1/inorm/gamma   [256]                      256  /device:GPU:0
gen/A/layer2/res2/conv2/W             [3, 3, 512, 256]       1179648  /device:GPU:0
gen/A/layer2/res2/conv2/inorm/beta    [256]                      256  /device:GPU:2
gen/A/layer2/res2/conv2/inorm/gamma   [256]                      256  /device:GPU:2
gen/A/conv3/W                         [4, 4, 256, 512]       2097152  /device:GPU:2
gen/A/conv3/inorm/beta                [512]                      512  /device:GPU:1
gen/A/conv3/inorm/gamma               [512]                      512  /device:GPU:1
gen/A/layer3/res0/conv0/W             [3, 3, 512, 512]       2359296  /device:GPU:1
gen/A/layer3/res0/conv0/inorm/beta    [512]                      512  /device:GPU:3
gen/A/layer3/res0/conv0/inorm/gamma   [512]                      512  /device:GPU:3
gen/A/layer3/res0/conv1/W             [3, 3, 512, 512]       2359296  /device:GPU:3
gen/A/layer3/res0/conv1/inorm/beta    [512]                      512  /device:GPU:0
gen/A/layer3/res0/conv1/inorm/gamma   [512]                      512  /device:GPU:0
gen/A/layer3/res0/conv2/W             [3, 3, 1024, 512]      4718592  /device:GPU:0
gen/A/layer3/res0/conv2/inorm/beta    [512]                      512  /device:GPU:2
gen/A/layer3/res0/conv2/inorm/gamma   [512]                      512  /device:GPU:2
gen/A/layer3/res1/conv0/W             [3, 3, 512, 512]       2359296  /device:GPU:2
gen/A/layer3/res1/conv0/inorm/beta    [512]                      512  /device:GPU:1
gen/A/layer3/res1/conv0/inorm/gamma   [512]                      512  /device:GPU:1
gen/A/layer3/res1/conv1/W             [3, 3, 512, 512]       2359296  /device:GPU:1
gen/A/layer3/res1/conv1/inorm/beta    [512]                      512  /device:GPU:3
gen/A/layer3/res1/conv1/inorm/gamma   [512]                      512  /device:GPU:3
gen/A/layer3/res1/conv2/W             [3, 3, 1024, 512]      4718592  /device:GPU:3
gen/A/layer3/res1/conv2/inorm/beta    [512]                      512  /device:GPU:2
gen/A/layer3/res1/conv2/inorm/gamma   [512]                      512  /device:GPU:2
gen/A/layer3/res2/conv0/W             [3, 3, 512, 512]       2359296  /device:GPU:2
gen/A/layer3/res2/conv0/inorm/beta    [512]                      512  /device:GPU:1
gen/A/layer3/res2/conv0/inorm/gamma   [512]                      512  /device:GPU:1
gen/A/layer3/res2/conv1/W             [3, 3, 512, 512]       2359296  /device:GPU:1
gen/A/layer3/res2/conv1/inorm/beta    [512]                      512  /device:GPU:0
gen/A/layer3/res2/conv1/inorm/gamma   [512]                      512  /device:GPU:0
gen/A/layer3/res2/conv2/W             [3, 3, 1024, 512]      4718592  /device:GPU:0
gen/A/layer3/res2/conv2/inorm/beta    [512]                      512  /device:GPU:2
gen/A/layer3/res2/conv2/inorm/gamma   [512]                      512  /device:GPU:2
gen/A/deconv0/W                       [4, 4, 256, 512]       2097152  /device:GPU:2
gen/A/deconv0/inorm/beta              [256]                      256  /device:GPU:1
gen/A/deconv0/inorm/gamma             [256]                      256  /device:GPU:1
gen/A/blayer2/res0/conv0/W            [3, 3, 512, 256]       1179648  /device:GPU:1
gen/A/blayer2/res0/conv0/inorm/beta   [256]                      256  /device:GPU:3
gen/A/blayer2/res0/conv0/inorm/gamma  [256]                      256  /device:GPU:3
gen/A/blayer2/res0/conv1/W            [3, 3, 256, 256]        589824  /device:GPU:3
gen/A/blayer2/res0/conv1/inorm/beta   [256]                      256  /device:GPU:3
gen/A/blayer2/res0/conv1/inorm/gamma  [256]                      256  /device:GPU:3
gen/A/blayer2/res0/conv2/W            [3, 3, 768, 256]       1769472  /device:GPU:3
gen/A/blayer2/res0/conv2/inorm/beta   [256]                      256  /device:GPU:1
gen/A/blayer2/res0/conv2/inorm/gamma  [256]                      256  /device:GPU:1
gen/A/blayer2/res1/conv0/W            [3, 3, 256, 256]        589824  /device:GPU:1
gen/A/blayer2/res1/conv0/inorm/beta   [256]                      256  /device:GPU:2
gen/A/blayer2/res1/conv0/inorm/gamma  [256]                      256  /device:GPU:2
gen/A/blayer2/res1/conv1/W            [3, 3, 256, 256]        589824  /device:GPU:2
gen/A/blayer2/res1/conv1/inorm/beta   [256]                      256  /device:GPU:1
gen/A/blayer2/res1/conv1/inorm/gamma  [256]                      256  /device:GPU:1
gen/A/blayer2/res1/conv2/W            [3, 3, 512, 256]       1179648  /device:GPU:1
gen/A/blayer2/res1/conv2/inorm/beta   [256]                      256  /device:GPU:2
gen/A/blayer2/res1/conv2/inorm/gamma  [256]                      256  /device:GPU:2
gen/A/blayer2/res2/conv0/W            [3, 3, 256, 256]        589824  /device:GPU:2
gen/A/blayer2/res2/conv0/inorm/beta   [256]                      256  /device:GPU:3
gen/A/blayer2/res2/conv0/inorm/gamma  [256]                      256  /device:GPU:3
gen/A/blayer2/res2/conv1/W            [3, 3, 256, 256]        589824  /device:GPU:3
gen/A/blayer2/res2/conv1/inorm/beta   [256]                      256  /device:GPU:2
gen/A/blayer2/res2/conv1/inorm/gamma  [256]                      256  /device:GPU:2
gen/A/blayer2/res2/conv2/W            [3, 3, 512, 256]       1179648  /device:GPU:2
gen/A/blayer2/res2/conv2/inorm/beta   [256]                      256  /device:GPU:1
gen/A/blayer2/res2/conv2/inorm/gamma  [256]                      256  /device:GPU:1
gen/A/deconv1/W                       [4, 4, 128, 256]        524288  /device:GPU:1
gen/A/deconv1/inorm/beta              [128]                      128  /device:GPU:3
gen/A/deconv1/inorm/gamma             [128]                      128  /device:GPU:3
gen/A/blayer1/res0/conv0/W            [3, 3, 256, 128]        294912  /device:GPU:3
gen/A/blayer1/res0/conv0/inorm/beta   [128]                      128  /device:GPU:0
gen/A/blayer1/res0/conv0/inorm/gamma  [128]                      128  /device:GPU:0
gen/A/blayer1/res0/conv1/W            [3, 3, 128, 128]        147456  /device:GPU:0
gen/A/blayer1/res0/conv1/inorm/beta   [128]                      128  /device:GPU:3
gen/A/blayer1/res0/conv1/inorm/gamma  [128]                      128  /device:GPU:3
gen/A/blayer1/res0/conv2/W            [3, 3, 384, 128]        442368  /device:GPU:3
gen/A/blayer1/res0/conv2/inorm/beta   [128]                      128  /device:GPU:0
gen/A/blayer1/res0/conv2/inorm/gamma  [128]                      128  /device:GPU:0
gen/A/blayer1/res1/conv0/W            [3, 3, 128, 128]        147456  /device:GPU:0
gen/A/blayer1/res1/conv0/inorm/beta   [128]                      128  /device:GPU:0
gen/A/blayer1/res1/conv0/inorm/gamma  [128]                      128  /device:GPU:0
gen/A/blayer1/res1/conv1/W            [3, 3, 128, 128]        147456  /device:GPU:0
gen/A/blayer1/res1/conv1/inorm/beta   [128]                      128  /device:GPU:1
gen/A/blayer1/res1/conv1/inorm/gamma  [128]                      128  /device:GPU:1
gen/A/blayer1/res1/conv2/W            [3, 3, 256, 128]        294912  /device:GPU:1
gen/A/blayer1/res1/conv2/inorm/beta   [128]                      128  /device:GPU:0
gen/A/blayer1/res1/conv2/inorm/gamma  [128]                      128  /device:GPU:0
gen/A/blayer1/res2/conv0/W            [3, 3, 128, 128]        147456  /device:GPU:0
gen/A/blayer1/res2/conv0/inorm/beta   [128]                      128  /device:GPU:3
gen/A/blayer1/res2/conv0/inorm/gamma  [128]                      128  /device:GPU:3
gen/A/blayer1/res2/conv1/W            [3, 3, 128, 128]        147456  /device:GPU:3
gen/A/blayer1/res2/conv1/inorm/beta   [128]                      128  /device:GPU:0
gen/A/blayer1/res2/conv1/inorm/gamma  [128]                      128  /device:GPU:0
gen/A/blayer1/res2/conv2/W            [3, 3, 256, 128]        294912  /device:GPU:0
gen/A/blayer1/res2/conv2/inorm/beta   [128]                      128  /device:GPU:1
gen/A/blayer1/res2/conv2/inorm/gamma  [128]                      128  /device:GPU:1
gen/A/deconv2/W                       [4, 4, 64, 128]         131072  /device:GPU:1
gen/A/deconv2/inorm/beta              [64]                        64  /device:GPU:3
gen/A/deconv2/inorm/gamma             [64]                        64  /device:GPU:3
gen/A/deconv3/W                       [4, 4, 3, 64]             3072  /device:GPU:3
discrim/A/conv0/W                     [4, 4, 3, 128]            6144  /device:GPU:3
discrim/A/conv1/W                     [4, 4, 128, 256]        524288  /device:GPU:3
discrim/A/conv1/inorm/beta            [256]                      256  /device:GPU:1
discrim/A/conv1/inorm/gamma           [256]                      256  /device:GPU:1
discrim/A/conv2/W                     [4, 4, 256, 512]       2097152  /device:GPU:1
discrim/A/conv2/inorm/beta            [512]                      512  /device:GPU:0
discrim/A/conv2/inorm/gamma           [512]                      512  /device:GPU:0
discrim/A/convf/W                     [3, 3, 512, 512]       2359296  /device:GPU:0
discrim/A/convf/inorm/beta            [512]                      512  /device:GPU:2
discrim/A/convf/inorm/gamma           [512]                      512  /device:GPU:2
discrim/A/Conv/weights                [3, 3, 512, 512]       2359296  /device:GPU:2
discrim/A/Conv/inorm/beta             [512]                      512  /device:GPU:3
discrim/A/Conv/inorm/gamma            [512]                      512  /device:GPU:3
discrim/A/Conv_1/weights              [3, 3, 512, 512]       2359296  /device:GPU:3
discrim/A/Conv_1/inorm/beta           [512]                      512  /device:GPU:1
discrim/A/Conv_1/inorm/gamma          [512]                      512  /device:GPU:1
discrim/A/Conv_2/weights              [3, 3, 512, 512]       2359296  /device:GPU:1
discrim/A/Conv_2/inorm/beta           [512]                      512  /device:GPU:0
discrim/A/Conv_2/inorm/gamma          [512]                      512  /device:GPU:0
discrim/A/mConv/W                     [3, 3, 1024, 512]      4718592  /device:GPU:0
discrim/A/mConv/inorm/beta            [512]                      512  /device:GPU:2
discrim/A/mConv/inorm/gamma           [512]                      512  /device:GPU:2
discrim/A/lsconv/W                    [4, 4, 512, 1]            8192  /device:GPU:2
discrim/B/conv0/W                     [4, 4, 3, 128]            6144  /device:GPU:2
discrim/B/conv1/W                     [4, 4, 128, 256]        524288  /device:GPU:2
discrim/B/conv1/inorm/beta            [256]                      256  /device:GPU:3
discrim/B/conv1/inorm/gamma           [256]                      256  /device:GPU:3
discrim/B/conv2/W                     [4, 4, 256, 512]       2097152  /device:GPU:3
discrim/B/conv2/inorm/beta            [512]                      512  /device:GPU:2
discrim/B/conv2/inorm/gamma           [512]                      512  /device:GPU:2
discrim/B/convf/W                     [3, 3, 512, 512]       2359296  /device:GPU:2
discrim/B/convf/inorm/beta            [512]                      512  /device:GPU:1
discrim/B/convf/inorm/gamma           [512]                      512  /device:GPU:1
discrim/B/Conv/weights                [3, 3, 512, 512]       2359296  /device:GPU:1
discrim/B/Conv/inorm/beta             [512]                      512  /device:GPU:3
discrim/B/Conv/inorm/gamma            [512]                      512  /device:GPU:3
discrim/B/Conv_1/weights              [3, 3, 512, 512]       2359296  /device:GPU:3
discrim/B/Conv_1/inorm/beta           [512]                      512  /device:GPU:2
discrim/B/Conv_1/inorm/gamma          [512]                      512  /device:GPU:2
discrim/B/Conv_2/weights              [3, 3, 512, 512]       2359296  /device:GPU:2
discrim/B/Conv_2/inorm/beta           [512]                      512  /device:GPU:1
discrim/B/Conv_2/inorm/gamma          [512]                      512  /device:GPU:1
discrim/B/mConv/W                     [3, 3, 1024, 512]      4718592  /device:GPU:1
discrim/B/mConv/inorm/beta            [512]                      512  /device:GPU:0
discrim/B/mConv/inorm/gamma           [512]                      512  /device:GPU:0
discrim/B/lsconv/W                    [4, 4, 512, 1]            8192  /device:GPU:0[36m
Number of trainable variables: 356
Number of parameters (elements): 139631872
Storage space needed for all trainable variables: 532.65MB[0m
[32m[1017 01:27:20 @base.py:207][0m Setup callbacks graph ...
[32m[1017 01:27:20 @argtools.py:138][0m [5m[31mWRN[0m Starting a process with 'fork' method is not safe and may consume unnecessary extra CPU memory. Use 'forkserver' or 'spawn' method (available after Py3.4) instead if you run into any issues. See https://docs.python.org/3/library/multiprocessing.html#contexts-and-start-methods on how to set them.
[32m[1017 01:27:20 @argtools.py:138][0m [5m[31mWRN[0m "import prctl" failed! Install python-prctl so that processes can be cleaned with guarantee.
[32m[1017 01:27:22 @tower.py:135][0m Building graph for predict tower 'tower-pred-0' on device /gpu:0 ...
[32m[1017 01:27:27 @collection.py:165][0m These collections were modified but restored in tower-pred-0: (tf.GraphKeys.SUMMARIES: 28->34), (tf.GraphKeys.UPDATE_OPS: 16->20)
[32m[1017 01:27:27 @summary.py:47][0m [MovingAverageSummary] 21 operations in collection 'MOVING_SUMMARY_OPS' will be run with session hooks.
[32m[1017 01:27:27 @summary.py:94][0m Summarizing collection 'summaries' of size 28.
[32m[1017 01:27:27 @graph.py:99][0m Applying collection UPDATE_OPS of 16 ops.
[32m[1017 01:27:27 @base.py:228][0m Creating the session ...
[32m[1017 01:28:10 @base.py:234][0m Initializing the session ...
[32m[1017 01:28:10 @base.py:241][0m Graph Finalized.
[32m[1017 01:28:15 @concurrency.py:37][0m Starting EnqueueThread: enqueue dataflow to TF queue "QueueInput/input_queue" ...
[32m[1017 01:28:45 @base.py:273][0m Start Epoch 1 ...
[32m[1017 01:28:45 @input_source.py:599][0m Pre-filling StagingArea ...
[32m[1017 01:28:50 @input_source.py:603][0m 1 element was put into StagingArea on each tower.
